<?xml version="1.0" encoding="UTF-8"?>
<!-- Generated by org.testng.reporters.JUnitReportReporter -->
<testsuite skipped="0" hostname="DESKTOP-3OO38O2" name="test.RegisterTest" tests="1" failures="0" timestamp="2023-10-10T14:15:46 CDT" time="6.362" errors="0">
  <testcase name="validateUserShouldBeAbleToRegister" time="6.362" classname="test.RegisterTest"/>
  <system-out/>
</testsuite> <!-- test.RegisterTest -->
